
Program execution begins
------------------------------------------------------


Program execution ends
------------------------------------------------------


Program execution begins
------------------------------------------------------


Program execution begins
------------------------------------------------------


Program execution ends
------------------------------------------------------


Program execution begins
------------------------------------------------------


Program execution begins
------------------------------------------------------


Program execution begins
------------------------------------------------------

[Пт дек 15 12:46:07 MSK 2017] Хотите авторизоваться как новый пользователь (y/n)?
[Пт дек 15 12:46:10 MSK 2017] Access token exists
[Пт дек 15 12:46:10 MSK 2017] Credentials saved to /home/ivan/.credentials/drive-java-quickstart
[Пт дек 15 12:46:12 MSK 2017] Files:
[Пт дек 15 12:46:12 MSK 2017] 1: My new document.doc (13lcWoa0fggpTSnvl77yhqDaZHuqUl1hZ7lK0dVup0M8) is a null
[Пт дек 15 12:46:12 MSK 2017] 2: lul17221158.mp4 (0B74bSNiSY__lRGc1SC1WakRacmM) is a mp4
[Пт дек 15 12:46:12 MSK 2017] 3: Газета "Датская правда" (0B7R_CCX8Rv4DY253M3pYenFNNE0) is a null
[Пт дек 15 12:46:12 MSK 2017] 4: Реестр проблем  (1QSfeTQdRTVfoNWKm4hof4Y-Db3tlfa_69s6vpRA_skU) is a null
[Пт дек 15 12:46:12 MSK 2017] 5: Компьютерная лингвистика №1_ зачем лингвисту компьютер.mp4 (0BwMZmBKv-CU4UHRlVTVRLU9nWFk) is a mp4
[Пт дек 15 12:46:12 MSK 2017] 6: IMG_3322.rar (0BwMZmBKv-CU4Ri1pZFBnQmp0TW8) is a rar
[Пт дек 15 12:46:12 MSK 2017] 7: устройство виндовс 7 книга (0B_O9BeTRl0clSFd6anE4aVBqQms) is a 
[Пт дек 15 12:46:12 MSK 2017] 8: Хрень (0B-XFPJFSzOqxNHFiOGJWSldtR1k) is a null
[Пт дек 15 12:46:12 MSK 2017] 9: Во имя Марса (1-Rhhjx01i8-OmQnrkUC7-ijRPezFogpNgoJj-DwzcbQ) is a null
[Пт дек 15 12:46:12 MSK 2017] 10: How to get started with Drive (0B-XFPJFSzOqxc3RhcnRlcl9maWxl) is a 

Program execution ends
------------------------------------------------------


Program execution begins
------------------------------------------------------

[Пт дек 15 12:46:40 MSK 2017] Хотите авторизоваться как новый пользователь (y/n)?
[Пт дек 15 12:46:41 MSK 2017] Access token exists
[Пт дек 15 12:46:41 MSK 2017] Credentials saved to /home/ivan/.credentials/drive-java-quickstart
[Пт дек 15 12:46:44 MSK 2017] File "Во имя Марса" has been downloaded

Program execution ends
------------------------------------------------------


Program execution begins
------------------------------------------------------

[Пт дек 15 12:48:14 MSK 2017] Хотите авторизоваться как новый пользователь (y/n)?
[Пт дек 15 12:48:16 MSK 2017] Access token exists
[Пт дек 15 12:48:16 MSK 2017] Credentials saved to /home/ivan/.credentials/drive-java-quickstart
[Пт дек 15 12:48:20 MSK 2017] Created Google Drive file 14FI4zjgL1ZL4kf9gfc112kSxpWxZSQ8lANqHWmstLCA
[Пт дек 15 12:48:21 MSK 2017] Permission ID: 03712697928958494443
[Пт дек 15 12:48:23 MSK 2017] Permission ID: 03712697928958494443

Program execution ends
------------------------------------------------------


Program execution begins
------------------------------------------------------

[Пт дек 15 12:50:05 MSK 2017] Хотите авторизоваться как новый пользователь (y/n)?
[Пт дек 15 12:50:08 MSK 2017] Access token exists
[Пт дек 15 12:50:33 MSK 2017] Credentials saved to /home/ivan/.credentials/drive-java-quickstart
[Пт дек 15 12:50:34 MSK 2017] Files:
[Пт дек 15 12:50:34 MSK 2017] 1: Мега-курсач (14FI4zjgL1ZL4kf9gfc112kSxpWxZSQ8lANqHWmstLCA) is a null
[Пт дек 15 12:50:34 MSK 2017] 2: My new document.doc (13lcWoa0fggpTSnvl77yhqDaZHuqUl1hZ7lK0dVup0M8) is a null

Program execution ends
------------------------------------------------------


Program execution begins
------------------------------------------------------

[Вс дек 17 16:55:03 MSK 2017] Хотите авторизоваться как новый пользователь (y/n)?
[Вс дек 17 16:55:06 MSK 2017] Access token exists
[Вс дек 17 16:56:28 MSK 2017] Credentials saved to /home/ivan/.credentials/drive-java-quickstart
[Вс дек 17 16:56:29 MSK 2017] Files:
[Вс дек 17 16:56:29 MSK 2017] 1: Мега-курсач (14FI4zjgL1ZL4kf9gfc112kSxpWxZSQ8lANqHWmstLCA) is a null
[Вс дек 17 16:56:29 MSK 2017] 2: My new document.doc (13lcWoa0fggpTSnvl77yhqDaZHuqUl1hZ7lK0dVup0M8) is a null
[Вс дек 17 16:56:29 MSK 2017] 3: lul17221158.mp4 (0B74bSNiSY__lRGc1SC1WakRacmM) is a mp4
[Вс дек 17 16:56:29 MSK 2017] 4: Газета "Датская правда" (0B7R_CCX8Rv4DY253M3pYenFNNE0) is a null
[Вс дек 17 16:56:29 MSK 2017] 5: Реестр проблем  (1QSfeTQdRTVfoNWKm4hof4Y-Db3tlfa_69s6vpRA_skU) is a null
[Вс дек 17 16:56:29 MSK 2017] 6: Компьютерная лингвистика №1_ зачем лингвисту компьютер.mp4 (0BwMZmBKv-CU4UHRlVTVRLU9nWFk) is a mp4
[Вс дек 17 16:56:29 MSK 2017] 7: IMG_3322.rar (0BwMZmBKv-CU4Ri1pZFBnQmp0TW8) is a rar
[Вс дек 17 16:56:29 MSK 2017] 8: устройство виндовс 7 книга (0B_O9BeTRl0clSFd6anE4aVBqQms) is a 
[Вс дек 17 16:56:29 MSK 2017] 9: Хрень (0B-XFPJFSzOqxNHFiOGJWSldtR1k) is a null
[Вс дек 17 16:56:29 MSK 2017] 10: Во имя Марса (1-Rhhjx01i8-OmQnrkUC7-ijRPezFogpNgoJj-DwzcbQ) is a null
[Вс дек 17 16:56:29 MSK 2017] 11: How to get started with Drive (0B-XFPJFSzOqxc3RhcnRlcl9maWxl) is a 

Program execution ends
------------------------------------------------------


Program execution begins
------------------------------------------------------

[Вс дек 17 16:58:41 MSK 2017] Хотите авторизоваться как новый пользователь (y/n)?
[Вс дек 17 16:58:45 MSK 2017] Access token exists
[Вс дек 17 16:58:45 MSK 2017] Credentials saved to /home/ivan/.credentials/drive-java-quickstart
[Вс дек 17 16:58:48 MSK 2017] Created Google Drive file 1OWWkK_FW-HKZyC9Y_pxnKoffv-pg0HB67xvDJisL8F4
[Вс дек 17 16:58:48 MSK 2017] Permission ID: 03712697928958494443

Program execution ends
------------------------------------------------------


Program execution begins
------------------------------------------------------

[Вс дек 17 17:03:00 MSK 2017] Хотите авторизоваться как новый пользователь (y/n)?
[Вс дек 17 17:03:02 MSK 2017] Access token exists
[Вс дек 17 17:03:02 MSK 2017] Credentials saved to /home/ivan/.credentials/drive-java-quickstart
[Вс дек 17 17:03:03 MSK 2017] File "My new kursach" has been downloaded

Program execution ends
------------------------------------------------------


Program execution begins
------------------------------------------------------

[Вс дек 17 17:05:28 MSK 2017] Хотите авторизоваться как новый пользователь (y/n)?
[Вс дек 17 17:05:30 MSK 2017] Access token exists
[Вс дек 17 17:05:31 MSK 2017] Credentials saved to /home/ivan/.credentials/drive-java-quickstart

Program execution ends
------------------------------------------------------


Program execution begins
------------------------------------------------------

[Вс дек 17 17:06:39 MSK 2017] Хотите авторизоваться как новый пользователь (y/n)?
[Вс дек 17 17:06:42 MSK 2017] Access token exists
[Вс дек 17 17:06:42 MSK 2017] Credentials saved to /home/ivan/.credentials/drive-java-quickstart

Program execution ends
------------------------------------------------------


Program execution begins
------------------------------------------------------

[Пн дек 18 17:36:42 MSK 2017] Хотите авторизоваться как новый пользователь (y/n)?
[Пн дек 18 17:36:46 MSK 2017] Access token exists
[Пн дек 18 17:37:17 MSK 2017] Credentials saved to /home/ivan/.credentials/drive-java-quickstart
[Пн дек 18 17:37:20 MSK 2017] Created Google Drive file 1sWLSsprZCLZvQYubVqtKoUU2lEShtZLlBGjAtmlM-_8
[Пн дек 18 17:37:21 MSK 2017] Permission ID: 03712697928958494443

Program execution ends
------------------------------------------------------


Program execution begins
------------------------------------------------------

[Пн дек 18 17:38:54 MSK 2017] Хотите авторизоваться как новый пользователь (y/n)?
[Пн дек 18 17:38:58 MSK 2017] Access token exists
[Пн дек 18 17:39:11 MSK 2017] Credentials saved to /home/ivan/.credentials/drive-java-quickstart
[Пн дек 18 17:39:12 MSK 2017] Files:
[Пн дек 18 17:39:12 MSK 2017] 1: Some job (1sWLSsprZCLZvQYubVqtKoUU2lEShtZLlBGjAtmlM-_8) is a null
[Пн дек 18 17:39:12 MSK 2017] 2: My new kursach (1OWWkK_FW-HKZyC9Y_pxnKoffv-pg0HB67xvDJisL8F4) is a null

Program execution ends
------------------------------------------------------


Program execution begins
------------------------------------------------------

[Пн дек 18 17:39:33 MSK 2017] Хотите авторизоваться как новый пользователь (y/n)?
[Пн дек 18 17:39:35 MSK 2017] Access token exists
[Пн дек 18 17:39:35 MSK 2017] Credentials saved to /home/ivan/.credentials/drive-java-quickstart
[Пн дек 18 17:39:37 MSK 2017] File "Some job" has been downloaded

Program execution ends
------------------------------------------------------


Program execution begins
------------------------------------------------------

[Пн дек 18 17:41:44 MSK 2017] Хотите авторизоваться как новый пользователь (y/n)?
[Пн дек 18 17:41:49 MSK 2017] Access token exists
[Пн дек 18 17:41:49 MSK 2017] Credentials saved to /home/ivan/.credentials/drive-java-quickstart

Program execution ends
------------------------------------------------------


Program execution begins
------------------------------------------------------

[Пн дек 18 17:42:08 MSK 2017] Хотите авторизоваться как новый пользователь (y/n)?
[Пн дек 18 17:42:09 MSK 2017] Access token exists
[Пн дек 18 17:42:09 MSK 2017] Credentials saved to /home/ivan/.credentials/drive-java-quickstart

Program execution ends
------------------------------------------------------


Program execution begins
------------------------------------------------------

[Пн дек 18 17:43:47 MSK 2017] Хотите авторизоваться как новый пользователь (y/n)?
[Пн дек 18 17:43:49 MSK 2017] Access token exists
[Пн дек 18 17:43:49 MSK 2017] Credentials saved to /home/ivan/.credentials/drive-java-quickstart
